#
# A fatal error has been detected by the Java Runtime Environment:
#
#  SIGSEGV (0xb) at pc=0x0000000110e2317c, pid=40930, tid=16643
#
# JRE version: Java(TM) SE Runtime Environment (8.0_31-b13) (build 1.8.0_31-b13)
# Java VM: Java HotSpot(TM) 64-Bit Server VM (25.31-b07 mixed mode bsd-amd64 compressed oops)
# Problematic frame:
# V  [libjvm.dylib+0x42317c]  Method::checked_resolve_jmethod_id(_jmethodID*)+0xe
#
# Failed to write core dump. Core dumps have been disabled. To enable core dumping, try "ulimit -c unlimited" before starting Java again
#
# If you would like to submit a bug report, please visit:
#   http://bugreport.java.com/bugreport/crash.jsp
#

---------------  T H R E A D  ---------------

Current thread (0x00007f97fa021800):  JavaThread "JDWP Transport Listener: dt_socket" daemon [_thread_in_vm, id=16643, stack(0x00000001293e5000,0x00000001294e5000)]

siginfo: si_signo: 11 (SIGSEGV), si_code: 0 (unknown), si_addr: 0x0000000000000000

Registers:
RAX=0x0000000000000001, RBX=0x00000001294e4a8b, RCX=0x00000001111d7c70, RDX=0x00000001294e4a8b
RSP=0x00000001294e49d0, RBP=0x00000001294e49e0, RSI=0x00007f97fa021800, RDI=0x3320323320643320
R8 =0x0000000000000006, R9 =0x00007f97f9e00000, R10=0x0000000000000010, R11=0x00007f97f9e00000
R12=0x00007f97fa021800, R13=0x3320323320643320, R14=0x3320323320643320, R15=0x00007f97f9f01930
RIP=0x0000000110e2317c, EFLAGS=0x0000000000010202, ERR=0x0000000000000000
  TRAPNO=0x000000000000000d

Top of Stack: (sp=0x00000001294e49d0)
0x00000001294e49d0:   00000001294e4a8b 00000001294e4a8b
0x00000001294e49e0:   00000001294e4a40 0000000110d3519e
0x00000001294e49f0:   00007f97fa021800 0000000000000000
0x00000001294e4a00:   0000000000000000 0000000000000000
0x00000001294e4a10:   00007f97fa021800 00007f97fa021800
0x00000001294e4a20:   00000001294e4a8b 00000001294e4a90
0x00000001294e4a30:   3320323320643320 0000000000000005
0x00000001294e4a40:   00000001294e4a60 000000011193f7dc
0x00000001294e4a50:   0000000000000001 00000001294e4b08
0x00000001294e4a60:   00000001294e4ad0 0000000111924263
0x00000001294e4a70:   00000001294e4aa0 00007f97f9e25ca0
0x00000001294e4a80:   0000000600000032 0000000a004e4b08
0x00000001294e4a90:   0000000000000000 0000000000000000
0x00000001294e4aa0:   0000000000000000 00000001294e4c90
0x00000001294e4ab0:   0000000111946eca 00007f97f9f27860
0x00000001294e4ac0:   00000001294e4b08 0000000111952588
0x00000001294e4ad0:   00000001294e4ae0 000000011192435c
0x00000001294e4ae0:   00000001294e4d00 000000011192d8f6
0x00000001294e4af0:   0000693000000013 00000000000f0200
0x00000001294e4b00:   00007f97f9f16950 00000001294e4c7d
0x00000001294e4b10:   00007f9700000007 00000001294e4b20
0x00000001294e4b20:   00007f9700000125 00000001294e4b58
0x00000001294e4b30:   0000000000000000 00007f0000000000
0x00000001294e4b40:   000069300000000f 00007fff00004780
0x00000001294e4b50:   00000001294e4b58 977f000006000000
0x00000001294e4b60:   0600000008aae2f9 00003e74696e693c
0x00000001294e4b70:   0000005629280300 7f00000100000000
0x00000001294e4b80:   00000020aae2f997 78656c417465670c
0x00000001294e4b90:   0000006b6e615261 2f6176616a4c2815
0x00000001294e4ba0:   7274532f676e616c 000049293b676e69
0x00000001294e4bb0:   00000a0000000000 0000a0d4e4f9977f
0x00000001294e4bc0:   6961746e6f630800 5b2807000000736e 

Instructions: (pc=0x0000000110e2317c)
0x0000000110e2315c:   40 48 48 85 c0 75 e0 30 c0 0f b6 c0 5d c3 31 c0
0x0000000110e2316c:   5d c3 55 48 89 e5 53 48 83 ec 08 48 85 ff 74 24
0x0000000110e2317c:   48 8b 1f 48 85 db 74 1c 48 83 fb 37 74 16 48 8b
0x0000000110e2318c:   03 48 89 df ff 50 10 84 c0 b8 00 00 00 00 48 0f 

Register to memory mapping:

RAX=0x0000000000000001 is an unknown value
RBX=0x00000001294e4a8b is pointing into the stack for thread: 0x00007f97fa021800
RCX=0x00000001111d7c70: UseMembar+0 in /Library/Java/JavaVirtualMachines/jdk1.8.0_31.jdk/Contents/Home/jre/lib/server/libjvm.dylib at 0x0000000110a00000
RDX=0x00000001294e4a8b is pointing into the stack for thread: 0x00007f97fa021800
RSP=0x00000001294e49d0 is pointing into the stack for thread: 0x00007f97fa021800
RBP=0x00000001294e49e0 is pointing into the stack for thread: 0x00007f97fa021800
RSI=0x00007f97fa021800 is a thread
RDI=0x3320323320643320 is an unknown value
R8 =0x0000000000000006 is an unknown value
R9 =0x00007f97f9e00000 is an unknown value
R10=0x0000000000000010 is an unknown value
R11=0x00007f97f9e00000 is an unknown value
R12=0x00007f97fa021800 is a thread
R13=0x3320323320643320 is an unknown value
R14=0x3320323320643320 is an unknown value
R15=0x00007f97f9f01930 is an unknown value


Stack: [0x00000001293e5000,0x00000001294e5000],  sp=0x00000001294e49d0,  free space=1022k
Native frames: (J=compiled Java code, j=interpreted, Vv=VM code, C=native code)
V  [libjvm.dylib+0x42317c]  Method::checked_resolve_jmethod_id(_jmethodID*)+0xe
V  [libjvm.dylib+0x33519e]  jvmti_IsMethodSynthetic+0xb2
C  [libjdwp.dylib+0x207dc]  isMethodSynthetic+0x63
C  [libjdwp.dylib+0x5263]  methods1+0x10b
C  [libjdwp.dylib+0x535c]  methodsWithGeneric+0xe
C  [libjdwp.dylib+0xe8f6]  debugLoop_run+0x1ce
C  [libjdwp.dylib+0x1f716]  attachThread+0x4d
V  [libjvm.dylib+0x3761fe]  JvmtiAgentThread::call_start_function()+0x38
V  [libjvm.dylib+0x5360cf]  JavaThread::thread_main_inner()+0x9b
V  [libjvm.dylib+0x53780c]  JavaThread::run()+0x1c2
V  [libjvm.dylib+0x45d772]  java_start(Thread*)+0xf6
C  [libsystem_pthread.dylib+0x405a]  _pthread_body+0x83
C  [libsystem_pthread.dylib+0x3fd7]  _pthread_body+0x0
C  [libsystem_pthread.dylib+0x13ed]  thread_start+0xd
C  0x0000000000000000


---------------  P R O C E S S  ---------------

Java Threads: ( => current thread )
  0x00007f97fa020800 JavaThread "Service Thread" daemon [_thread_blocked, id=19715, stack(0x00000001299f7000,0x0000000129af7000)]
  0x00007f97fb01d800 JavaThread "C1 CompilerThread2" daemon [_thread_blocked, id=19203, stack(0x00000001298f4000,0x00000001299f4000)]
  0x00007f97fb015000 JavaThread "C2 CompilerThread1" daemon [_thread_blocked, id=18691, stack(0x00000001297f1000,0x00000001298f1000)]
  0x00007f97fb825800 JavaThread "C2 CompilerThread0" daemon [_thread_blocked, id=18179, stack(0x00000001296ee000,0x00000001297ee000)]
  0x00007f97fb81f800 JavaThread "JDWP Command Reader" daemon [_thread_in_native, id=17667, stack(0x00000001295eb000,0x00000001296eb000)]
  0x00007f97fa023000 JavaThread "JDWP Event Helper Thread" daemon [_thread_blocked, id=17155, stack(0x00000001294e8000,0x00000001295e8000)]
=>0x00007f97fa021800 JavaThread "JDWP Transport Listener: dt_socket" daemon [_thread_in_vm, id=16643, stack(0x00000001293e5000,0x00000001294e5000)]
  0x00007f97fa030800 JavaThread "Signal Dispatcher" daemon [_thread_blocked, id=16159, stack(0x00000001292db000,0x00000001293db000)]
  0x00007f97fa806800 JavaThread "Finalizer" daemon [_thread_blocked, id=11523, stack(0x00000001278b5000,0x00000001279b5000)]
  0x00007f97fa805800 JavaThread "Reference Handler" daemon [_thread_blocked, id=11011, stack(0x00000001277b2000,0x00000001278b2000)]
  0x00007f97fb808800 JavaThread "main" [_thread_blocked, id=4867, stack(0x0000000110074000,0x0000000110174000)]

Other Threads:
  0x00007f97fb81d000 VMThread [stack: 0x00000001276af000,0x00000001277af000] [id=10499]
  0x00007f97fa025800 WatcherThread [stack: 0x0000000129afa000,0x0000000129bfa000] [id=20227]

VM state:not at safepoint (normal execution)

VM Mutex/Monitor currently owned by a thread: None

Heap:
 PSYoungGen      total 38400K, used 19538K [0x0000000795580000, 0x0000000798000000, 0x00000007c0000000)
  eden space 33280K, 51% used [0x0000000795580000,0x000000079663e3a8,0x0000000797600000)
  from space 5120K, 46% used [0x0000000797600000,0x00000007978567e0,0x0000000797b00000)
  to   space 5120K, 0% used [0x0000000797b00000,0x0000000797b00000,0x0000000798000000)
 ParOldGen       total 87552K, used 16K [0x0000000740000000, 0x0000000745580000, 0x0000000795580000)
  object space 87552K, 0% used [0x0000000740000000,0x0000000740004000,0x0000000745580000)
 Metaspace       used 5437K, capacity 5572K, committed 5760K, reserved 1056768K
  class space    used 594K, capacity 624K, committed 640K, reserved 1048576K

Card table byte_map: [0x0000000120d2a000,0x000000012112b000] byte_map_base: 0x000000011d32a000

Marking Bits: (ParMarkBitMap*) 0x000000011129e410
 Begin Bits: [0x00000001217e2000, 0x00000001237e2000)
 End Bits:   [0x00000001237e2000, 0x00000001257e2000)

Polling page: 0x00000001101b8000

CodeCache: size=245760Kb used=2930Kb max_used=2943Kb free=242830Kb
 bounds [0x000000011196a000, 0x0000000111c5a000, 0x000000012096a000]
 total_blobs=961 nmethods=675 adapters=209
 compilation: enabled

Compilation events (10 events):
Event: 12.690 Thread 0x00007f97fb015000 nmethod 671 0x0000000111c3ea50 code [0x0000000111c3eba0, 0x0000000111c3ec98]
Event: 12.690 Thread 0x00007f97fb015000  672       4       java.util.regex.Pattern$Single::isSatisfiedBy (14 bytes)
Event: 12.691 Thread 0x00007f97fb015000 nmethod 672 0x0000000111c3a090 code [0x0000000111c3a1e0, 0x0000000111c3a258]
Event: 12.691 Thread 0x00007f97fb015000  673       4       java.util.regex.Pattern$BranchConn::match (11 bytes)
Event: 12.707 Thread 0x00007f97fb015000 nmethod 673 0x0000000111c49110 code [0x0000000111c49360, 0x0000000111c4a2e8]
Event: 12.707 Thread 0x00007f97fb015000  674  s    4       java.lang.StringBuffer::append (13 bytes)
Event: 12.707 Thread 0x00007f97fb825800 nmethod 669 0x0000000111c4b810 code [0x0000000111c4ba60, 0x0000000111c4c7c8]
Event: 12.707 Thread 0x00007f97fb825800  675       4       java.util.regex.Pattern$GroupTail::match (111 bytes)
Event: 12.712 Thread 0x00007f97fb825800 nmethod 675 0x0000000111c43210 code [0x0000000111c433a0, 0x0000000111c438c8]
Event: 12.714 Thread 0x00007f97fb015000 nmethod 674 0x0000000111c46310 code [0x0000000111c464a0, 0x0000000111c46c98]

GC Heap History (2 events):
Event: 7.601 GC heap before
{Heap before GC invocations=1 (full 0):
 PSYoungGen      total 38400K, used 33280K [0x0000000795580000, 0x0000000798000000, 0x00000007c0000000)
  eden space 33280K, 100% used [0x0000000795580000,0x0000000797600000,0x0000000797600000)
  from space 5120K, 0% used [0x0000000797b00000,0x0000000797b00000,0x0000000798000000)
  to   space 5120K, 0% used [0x0000000797600000,0x0000000797600000,0x0000000797b00000)
 ParOldGen       total 87552K, used 0K [0x0000000740000000, 0x0000000745580000, 0x0000000795580000)
  object space 87552K, 0% used [0x0000000740000000,0x0000000740000000,0x0000000745580000)
 Metaspace       used 5390K, capacity 5508K, committed 5760K, reserved 1056768K
  class space    used 594K, capacity 624K, committed 640K, reserved 1048576K
Event: 7.606 GC heap after
Heap after GC invocations=1 (full 0):
 PSYoungGen      total 38400K, used 2393K [0x0000000795580000, 0x0000000798000000, 0x00000007c0000000)
  eden space 33280K, 0% used [0x0000000795580000,0x0000000795580000,0x0000000797600000)
  from space 5120K, 46% used [0x0000000797600000,0x00000007978567e0,0x0000000797b00000)
  to   space 5120K, 0% used [0x0000000797b00000,0x0000000797b00000,0x0000000798000000)
 ParOldGen       total 87552K, used 16K [0x0000000740000000, 0x0000000745580000, 0x0000000795580000)
  object space 87552K, 0% used [0x0000000740000000,0x0000000740004000,0x0000000745580000)
 Metaspace       used 5390K, capacity 5508K, committed 5760K, reserved 1056768K
  class space    used 594K, capacity 624K, committed 640K, reserved 1048576K
}

Deoptimization events (10 events):
Event: 2.040 Thread 0x00007f97fb808800 Uncommon trap: reason=class_check action=maybe_recompile pc=0x0000000111ac18d8 method=java.lang.Character.codePointAt(Ljava/lang/CharSequence;I)I @ 2
Event: 2.041 Thread 0x00007f97fb808800 Uncommon trap: reason=class_check action=maybe_recompile pc=0x0000000111bc6194 method=java.util.regex.Pattern$Curly.match(Ljava/util/regex/Matcher;ILjava/lang/CharSequence;)Z @ 19
Event: 2.041 Thread 0x00007f97fb808800 Uncommon trap: reason=bimorphic action=maybe_recompile pc=0x0000000111bc6e98 method=java.util.regex.Pattern$Curly.match0(Ljava/util/regex/Matcher;IILjava/lang/CharSequence;)Z @ 31
Event: 2.041 Thread 0x00007f97fb808800 Uncommon trap: reason=class_check action=maybe_recompile pc=0x0000000111bc6194 method=java.util.regex.Pattern$Curly.match(Ljava/util/regex/Matcher;ILjava/lang/CharSequence;)Z @ 19
Event: 2.041 Thread 0x00007f97fb808800 Uncommon trap: reason=class_check action=maybe_recompile pc=0x0000000111ac18d8 method=java.lang.Character.codePointAt(Ljava/lang/CharSequence;I)I @ 2
Event: 2.041 Thread 0x00007f97fb808800 Uncommon trap: reason=class_check action=maybe_recompile pc=0x0000000111ac18d8 method=java.lang.Character.codePointAt(Ljava/lang/CharSequence;I)I @ 2
Event: 2.041 Thread 0x00007f97fb808800 Uncommon trap: reason=class_check action=maybe_recompile pc=0x0000000111ac18d8 method=java.lang.Character.codePointAt(Ljava/lang/CharSequence;I)I @ 2
Event: 2.041 Thread 0x00007f97fb808800 Uncommon trap: reason=class_check action=maybe_recompile pc=0x0000000111ac3f48 method=java.lang.Character.codePointAt(Ljava/lang/CharSequence;I)I @ 2
Event: 7.614 Thread 0x00007f97fa806800 Uncommon trap: reason=unreached action=reinterpret pc=0x0000000111bedc1c method=java.lang.ref.ReferenceQueue.poll()Ljava/lang/ref/Reference; @ 4
Event: 12.212 Thread 0x00007f97fb808800 Uncommon trap: reason=unreached action=reinterpret pc=0x0000000111c0ed60 method=java.lang.ThreadLocal$ThreadLocalMap.set(Ljava/lang/ThreadLocal;Ljava/lang/Object;)V @ 44

Internal exceptions (10 events):
Event: 0.951 Thread 0x00007f97fb808800 Exception <a 'java/security/PrivilegedActionException'> (0x0000000795d043f0) thrown at [/Users/java_re/workspace/8-2-build-macosx-x86_64/jdk8u31/2394/hotspot/src/share/vm/prims/jvm.cpp, line 1312]
Event: 0.952 Thread 0x00007f97fb808800 Exception <a 'java/security/PrivilegedActionException'> (0x0000000795d0b320) thrown at [/Users/java_re/workspace/8-2-build-macosx-x86_64/jdk8u31/2394/hotspot/src/share/vm/prims/jvm.cpp, line 1312]
Event: 0.952 Thread 0x00007f97fb808800 Exception <a 'java/security/PrivilegedActionException'> (0x0000000795d10b08) thrown at [/Users/java_re/workspace/8-2-build-macosx-x86_64/jdk8u31/2394/hotspot/src/share/vm/prims/jvm.cpp, line 1312]
Event: 0.953 Thread 0x00007f97fb808800 Exception <a 'java/security/PrivilegedActionException'> (0x0000000795d16930) thrown at [/Users/java_re/workspace/8-2-build-macosx-x86_64/jdk8u31/2394/hotspot/src/share/vm/prims/jvm.cpp, line 1312]
Event: 0.955 Thread 0x00007f97fb808800 Exception <a 'java/security/PrivilegedActionException'> (0x0000000795d24f08) thrown at [/Users/java_re/workspace/8-2-build-macosx-x86_64/jdk8u31/2394/hotspot/src/share/vm/prims/jvm.cpp, line 1312]
Event: 0.956 Thread 0x00007f97fb808800 Exception <a 'java/security/PrivilegedActionException'> (0x0000000795d2a918) thrown at [/Users/java_re/workspace/8-2-build-macosx-x86_64/jdk8u31/2394/hotspot/src/share/vm/prims/jvm.cpp, line 1312]
Event: 0.957 Thread 0x00007f97fb808800 Exception <a 'java/security/PrivilegedActionException'> (0x0000000795d302c8) thrown at [/Users/java_re/workspace/8-2-build-macosx-x86_64/jdk8u31/2394/hotspot/src/share/vm/prims/jvm.cpp, line 1312]
Event: 0.958 Thread 0x00007f97fb808800 Exception <a 'java/security/PrivilegedActionException'> (0x0000000795d35790) thrown at [/Users/java_re/workspace/8-2-build-macosx-x86_64/jdk8u31/2394/hotspot/src/share/vm/prims/jvm.cpp, line 1312]
Event: 0.958 Thread 0x00007f97fb808800 Exception <a 'java/security/PrivilegedActionException'> (0x0000000795d3aca0) thrown at [/Users/java_re/workspace/8-2-build-macosx-x86_64/jdk8u31/2394/hotspot/src/share/vm/prims/jvm.cpp, line 1312]
Event: 0.959 Thread 0x00007f97fb808800 Exception <a 'java/security/PrivilegedActionException'> (0x0000000795d401a0) thrown at [/Users/java_re/workspace/8-2-build-macosx-x86_64/jdk8u31/2394/hotspot/src/share/vm/prims/jvm.cpp, line 1312]

Events (10 events):
Event: 1455.008 Executing VM operation: ChangeBreakpoints
Event: 1455.008 Executing VM operation: ChangeBreakpoints done
Event: 1457.082 Executing VM operation: ChangeBreakpoints
Event: 1457.082 Executing VM operation: ChangeBreakpoints done
Event: 1457.697 Executing VM operation: ChangeBreakpoints
Event: 1457.697 Executing VM operation: ChangeBreakpoints done
Event: 1462.818 Executing VM operation: ChangeBreakpoints
Event: 1462.818 Executing VM operation: ChangeBreakpoints done
Event: 1462.827 Executing VM operation: RedefineClasses
Event: 1462.838 Executing VM operation: RedefineClasses done


Dynamic libraries:
0x0000000005db0000 	/System/Library/Frameworks/Cocoa.framework/Versions/A/Cocoa
0x0000000005db0000 	/System/Library/Frameworks/Security.framework/Versions/A/Security
0x0000000005db0000 	/System/Library/Frameworks/ApplicationServices.framework/Versions/A/ApplicationServices
0x0000000005db0000 	/usr/lib/libz.1.dylib
0x0000000005db0000 	/usr/lib/libSystem.B.dylib
0x0000000005db0000 	/usr/lib/libobjc.A.dylib
0x0000000005db0000 	/System/Library/Frameworks/CoreFoundation.framework/Versions/A/CoreFoundation
0x0000000005db0000 	/System/Library/Frameworks/Foundation.framework/Versions/C/Foundation
0x0000000005db0000 	/System/Library/Frameworks/AppKit.framework/Versions/C/AppKit
0x0000000005db0000 	/System/Library/Frameworks/CoreData.framework/Versions/A/CoreData
0x0000000005db0000 	/System/Library/PrivateFrameworks/RemoteViewServices.framework/Versions/A/RemoteViewServices
0x0000000005db0000 	/System/Library/PrivateFrameworks/UIFoundation.framework/Versions/A/UIFoundation
0x0000000005db0000 	/System/Library/Frameworks/IOSurface.framework/Versions/A/IOSurface
0x0000000005db0000 	/System/Library/Frameworks/AudioToolbox.framework/Versions/A/AudioToolbox
0x0000000005db0000 	/System/Library/Frameworks/AudioUnit.framework/Versions/A/AudioUnit
0x0000000005db0000 	/System/Library/PrivateFrameworks/DataDetectorsCore.framework/Versions/A/DataDetectorsCore
0x0000000005db0000 	/System/Library/PrivateFrameworks/DesktopServicesPriv.framework/Versions/A/DesktopServicesPriv
0x0000000005db0000 	/System/Library/Frameworks/Carbon.framework/Versions/A/Frameworks/HIToolbox.framework/Versions/A/HIToolbox
0x0000000005db0000 	/System/Library/Frameworks/QuartzCore.framework/Versions/A/QuartzCore
0x0000000005db0000 	/System/Library/Frameworks/Carbon.framework/Versions/A/Frameworks/SpeechRecognition.framework/Versions/A/SpeechRecognition
0x0000000005db0000 	/usr/lib/libauto.dylib
0x0000000005db0000 	/usr/lib/libicucore.A.dylib
0x0000000005db0000 	/usr/lib/libxml2.2.dylib
0x0000000005db0000 	/System/Library/PrivateFrameworks/CoreUI.framework/Versions/A/CoreUI
0x0000000005db0000 	/System/Library/Frameworks/CoreAudio.framework/Versions/A/CoreAudio
0x0000000005db0000 	/System/Library/Frameworks/DiskArbitration.framework/Versions/A/DiskArbitration
0x0000000005db0000 	/usr/lib/liblangid.dylib
0x0000000005db0000 	/System/Library/PrivateFrameworks/MultitouchSupport.framework/Versions/A/MultitouchSupport
0x0000000005db0000 	/System/Library/Frameworks/IOKit.framework/Versions/A/IOKit
0x0000000005db0000 	/usr/lib/libDiagnosticMessagesClient.dylib
0x0000000005db0000 	/System/Library/Frameworks/CoreServices.framework/Versions/A/CoreServices
0x0000000005db0000 	/System/Library/PrivateFrameworks/PerformanceAnalysis.framework/Versions/A/PerformanceAnalysis
0x0000000005db0000 	/System/Library/PrivateFrameworks/GenerationalStorage.framework/Versions/A/GenerationalStorage
0x0000000005db0000 	/System/Library/Frameworks/OpenGL.framework/Versions/A/OpenGL
0x0000000005db0000 	/System/Library/PrivateFrameworks/Sharing.framework/Versions/A/Sharing
0x0000000005db0000 	/System/Library/Frameworks/CoreGraphics.framework/Versions/A/CoreGraphics
0x0000000005db0000 	/System/Library/Frameworks/CoreText.framework/Versions/A/CoreText
0x0000000005db0000 	/System/Library/Frameworks/ImageIO.framework/Versions/A/ImageIO
0x0000000005db0000 	/usr/lib/libextension.dylib
0x0000000005db0000 	/System/Library/PrivateFrameworks/Backup.framework/Versions/A/Backup
0x0000000005db0000 	/usr/lib/libarchive.2.dylib
0x0000000005db0000 	/System/Library/Frameworks/CFNetwork.framework/Versions/A/CFNetwork
0x0000000005db0000 	/System/Library/Frameworks/SystemConfiguration.framework/Versions/A/SystemConfiguration
0x0000000005db0000 	/usr/lib/libCRFSuite.dylib
0x0000000005db0000 	/usr/lib/libc++.1.dylib
0x0000000005db0000 	/usr/lib/libc++abi.dylib
0x0000000005db0000 	/usr/lib/system/libcache.dylib
0x0000000005db0000 	/usr/lib/system/libcommonCrypto.dylib
0x0000000005db0000 	/usr/lib/system/libcompiler_rt.dylib
0x0000000005db0000 	/usr/lib/system/libcopyfile.dylib
0x0000000005db0000 	/usr/lib/system/libcorecrypto.dylib
0x0000000005db0000 	/usr/lib/system/libdispatch.dylib
0x0000000005db0000 	/usr/lib/system/libdyld.dylib
0x0000000005db0000 	/usr/lib/system/libkeymgr.dylib
0x0000000005db0000 	/usr/lib/system/liblaunch.dylib
0x0000000005db0000 	/usr/lib/system/libmacho.dylib
0x0000000005db0000 	/usr/lib/system/libquarantine.dylib
0x0000000005db0000 	/usr/lib/system/libremovefile.dylib
0x0000000005db0000 	/usr/lib/system/libsystem_asl.dylib
0x0000000005db0000 	/usr/lib/system/libsystem_blocks.dylib
0x0000000005db0000 	/usr/lib/system/libsystem_c.dylib
0x0000000005db0000 	/usr/lib/system/libsystem_configuration.dylib
0x0000000005db0000 	/usr/lib/system/libsystem_coreservices.dylib
0x0000000005db0000 	/usr/lib/system/libsystem_coretls.dylib
0x0000000005db0000 	/usr/lib/system/libsystem_dnssd.dylib
0x0000000005db0000 	/usr/lib/system/libsystem_info.dylib
0x0000000005db0000 	/usr/lib/system/libsystem_kernel.dylib
0x0000000005db0000 	/usr/lib/system/libsystem_m.dylib
0x0000000005db0000 	/usr/lib/system/libsystem_malloc.dylib
0x0000000005db0000 	/usr/lib/system/libsystem_network.dylib
0x0000000005db0000 	/usr/lib/system/libsystem_networkextension.dylib
0x0000000005db0000 	/usr/lib/system/libsystem_notify.dylib
0x0000000005db0000 	/usr/lib/system/libsystem_platform.dylib
0x0000000005db0000 	/usr/lib/system/libsystem_pthread.dylib
0x0000000005db0000 	/usr/lib/system/libsystem_sandbox.dylib
0x0000000005db0000 	/usr/lib/system/libsystem_secinit.dylib
0x0000000005db0000 	/usr/lib/system/libsystem_stats.dylib
0x0000000005db0000 	/usr/lib/system/libsystem_trace.dylib
0x0000000005db0000 	/usr/lib/system/libunc.dylib
0x0000000005db0000 	/usr/lib/system/libunwind.dylib
0x0000000005db0000 	/usr/lib/system/libxpc.dylib
0x0000000005db0000 	/usr/lib/libbz2.1.0.dylib
0x0000000005db0000 	/usr/lib/liblzma.5.dylib
0x0000000005db0000 	/usr/lib/libbsm.0.dylib
0x0000000005db0000 	/usr/lib/libsqlite3.dylib
0x0000000005db0000 	/usr/lib/system/libkxld.dylib
0x0000000005db0000 	/usr/lib/libxar.1.dylib
0x0000000005db0000 	/usr/lib/libpam.2.dylib
0x0000000005db0000 	/usr/lib/libOpenScriptingUtil.dylib
0x0000000005db0000 	/System/Library/Frameworks/CoreServices.framework/Versions/A/Frameworks/FSEvents.framework/Versions/A/FSEvents
0x0000000005db0000 	/System/Library/Frameworks/CoreServices.framework/Versions/A/Frameworks/CarbonCore.framework/Versions/A/CarbonCore
0x0000000005db0000 	/System/Library/Frameworks/CoreServices.framework/Versions/A/Frameworks/Metadata.framework/Versions/A/Metadata
0x0000000005db0000 	/System/Library/Frameworks/CoreServices.framework/Versions/A/Frameworks/OSServices.framework/Versions/A/OSServices
0x0000000005db0000 	/System/Library/Frameworks/CoreServices.framework/Versions/A/Frameworks/SearchKit.framework/Versions/A/SearchKit
0x0000000005db0000 	/System/Library/Frameworks/CoreServices.framework/Versions/A/Frameworks/AE.framework/Versions/A/AE
0x0000000005db0000 	/System/Library/Frameworks/CoreServices.framework/Versions/A/Frameworks/LaunchServices.framework/Versions/A/LaunchServices
0x0000000005db0000 	/System/Library/Frameworks/CoreServices.framework/Versions/A/Frameworks/DictionaryServices.framework/Versions/A/DictionaryServices
0x0000000005db0000 	/System/Library/Frameworks/NetFS.framework/Versions/A/NetFS
0x0000000005db0000 	/System/Library/PrivateFrameworks/NetAuth.framework/Versions/A/NetAuth
0x0000000005db0000 	/System/Library/PrivateFrameworks/login.framework/Versions/A/Frameworks/loginsupport.framework/Versions/A/loginsupport
0x0000000005db0000 	/System/Library/PrivateFrameworks/TCC.framework/Versions/A/TCC
0x0000000005db0000 	/usr/lib/libmecabra.dylib
0x0000000005db0000 	/System/Library/Frameworks/ApplicationServices.framework/Versions/A/Frameworks/ATS.framework/Versions/A/ATS
0x0000000005db0000 	/System/Library/Frameworks/ApplicationServices.framework/Versions/A/Frameworks/ColorSync.framework/Versions/A/ColorSync
0x0000000005db0000 	/System/Library/Frameworks/ApplicationServices.framework/Versions/A/Frameworks/HIServices.framework/Versions/A/HIServices
0x0000000005db0000 	/System/Library/Frameworks/ApplicationServices.framework/Versions/A/Frameworks/LangAnalysis.framework/Versions/A/LangAnalysis
0x0000000005db0000 	/System/Library/Frameworks/ApplicationServices.framework/Versions/A/Frameworks/PrintCore.framework/Versions/A/PrintCore
0x0000000005db0000 	/System/Library/Frameworks/ApplicationServices.framework/Versions/A/Frameworks/QD.framework/Versions/A/QD
0x0000000005db0000 	/System/Library/Frameworks/ApplicationServices.framework/Versions/A/Frameworks/SpeechSynthesis.framework/Versions/A/SpeechSynthesis
0x0000000005db0000 	/System/Library/Frameworks/Accelerate.framework/Versions/A/Accelerate
0x0000000005db0000 	/System/Library/Frameworks/Accelerate.framework/Versions/A/Frameworks/vImage.framework/Versions/A/vImage
0x0000000005db0000 	/System/Library/Frameworks/Accelerate.framework/Versions/A/Frameworks/vecLib.framework/Versions/A/vecLib
0x0000000005db0000 	/System/Library/Frameworks/Accelerate.framework/Versions/A/Frameworks/vecLib.framework/Versions/A/libvDSP.dylib
0x0000000005db0000 	/System/Library/Frameworks/Accelerate.framework/Versions/A/Frameworks/vecLib.framework/Versions/A/libvMisc.dylib
0x0000000005db0000 	/System/Library/Frameworks/Accelerate.framework/Versions/A/Frameworks/vecLib.framework/Versions/A/libLAPACK.dylib
0x0000000005db0000 	/System/Library/Frameworks/Accelerate.framework/Versions/A/Frameworks/vecLib.framework/Versions/A/libBLAS.dylib
0x0000000005db0000 	/System/Library/Frameworks/Accelerate.framework/Versions/A/Frameworks/vecLib.framework/Versions/A/libLinearAlgebra.dylib
0x0000000005db0000 	/System/Library/Frameworks/ApplicationServices.framework/Versions/A/Frameworks/ATS.framework/Versions/A/Resources/libFontParser.dylib
0x0000000005db0000 	/System/Library/Frameworks/ApplicationServices.framework/Versions/A/Frameworks/ATS.framework/Versions/A/Resources/libFontRegistry.dylib
0x0000000005db0000 	/System/Library/PrivateFrameworks/AppleVPA.framework/Versions/A/AppleVPA
0x0000000005db0000 	/System/Library/PrivateFrameworks/AppleJPEG.framework/Versions/A/AppleJPEG
0x0000000005db0000 	/System/Library/Frameworks/ImageIO.framework/Versions/A/Resources/libJPEG.dylib
0x0000000005db0000 	/System/Library/Frameworks/ImageIO.framework/Versions/A/Resources/libTIFF.dylib
0x0000000005db0000 	/System/Library/Frameworks/ImageIO.framework/Versions/A/Resources/libPng.dylib
0x0000000005db0000 	/System/Library/Frameworks/ImageIO.framework/Versions/A/Resources/libGIF.dylib
0x0000000005db0000 	/System/Library/Frameworks/ImageIO.framework/Versions/A/Resources/libJP2.dylib
0x0000000005db0000 	/System/Library/Frameworks/ImageIO.framework/Versions/A/Resources/libRadiance.dylib
0x0000000005db0000 	/System/Library/Frameworks/CoreVideo.framework/Versions/A/CoreVideo
0x0000000005db0000 	/System/Library/Frameworks/OpenGL.framework/Versions/A/Libraries/libGLU.dylib
0x0000000005db0000 	/System/Library/Frameworks/OpenGL.framework/Versions/A/Libraries/libGFXShared.dylib
0x0000000005db0000 	/System/Library/Frameworks/OpenGL.framework/Versions/A/Libraries/libGL.dylib
0x0000000005db0000 	/System/Library/Frameworks/OpenGL.framework/Versions/A/Libraries/libGLImage.dylib
0x0000000005db0000 	/System/Library/Frameworks/OpenGL.framework/Versions/A/Libraries/libCVMSPluginSupport.dylib
0x0000000005db0000 	/System/Library/Frameworks/OpenGL.framework/Versions/A/Libraries/libCoreVMClient.dylib
0x0000000005db0000 	/usr/lib/libcups.2.dylib
0x0000000005db0000 	/System/Library/Frameworks/Kerberos.framework/Versions/A/Kerberos
0x0000000005db0000 	/System/Library/Frameworks/GSS.framework/Versions/A/GSS
0x0000000005db0000 	/usr/lib/libresolv.9.dylib
0x0000000005db0000 	/usr/lib/libiconv.2.dylib
0x0000000005db0000 	/System/Library/PrivateFrameworks/Heimdal.framework/Versions/A/Heimdal
0x0000000005db0000 	/usr/lib/libheimdal-asn1.dylib
0x0000000005db0000 	/System/Library/Frameworks/OpenDirectory.framework/Versions/A/OpenDirectory
0x0000000005db0000 	/System/Library/PrivateFrameworks/CommonAuth.framework/Versions/A/CommonAuth
0x0000000005db0000 	/System/Library/Frameworks/OpenDirectory.framework/Versions/A/Frameworks/CFOpenDirectory.framework/Versions/A/CFOpenDirectory
0x0000000005db0000 	/System/Library/Frameworks/SecurityFoundation.framework/Versions/A/SecurityFoundation
0x0000000005db0000 	/System/Library/PrivateFrameworks/LanguageModeling.framework/Versions/A/LanguageModeling
0x0000000005db0000 	/usr/lib/libcmph.dylib
0x0000000005db0000 	/System/Library/Frameworks/ServiceManagement.framework/Versions/A/ServiceManagement
0x0000000005db0000 	/usr/lib/libxslt.1.dylib
0x0000000005db0000 	/System/Library/Frameworks/Carbon.framework/Versions/A/Frameworks/Ink.framework/Versions/A/Ink
0x0000000005db0000 	/System/Library/Frameworks/QuartzCore.framework/Versions/A/Frameworks/CoreImage.framework/Versions/A/CoreImage
0x0000000005db0000 	/System/Library/PrivateFrameworks/CrashReporterSupport.framework/Versions/A/CrashReporterSupport
0x0000000005db0000 	/System/Library/Frameworks/OpenCL.framework/Versions/A/OpenCL
0x0000000005db0000 	/System/Library/PrivateFrameworks/FaceCore.framework/Versions/A/FaceCore
0x0000000005db0000 	/System/Library/PrivateFrameworks/Ubiquity.framework/Versions/A/Ubiquity
0x0000000005db0000 	/System/Library/PrivateFrameworks/IconServices.framework/Versions/A/IconServices
0x0000000005db0000 	/System/Library/PrivateFrameworks/ChunkingLibrary.framework/Versions/A/ChunkingLibrary
0x0000000005db0000 	/System/Library/PrivateFrameworks/Apple80211.framework/Versions/A/Apple80211
0x0000000005db0000 	/System/Library/Frameworks/CoreWLAN.framework/Versions/A/CoreWLAN
0x0000000005db0000 	/System/Library/Frameworks/IOBluetooth.framework/Versions/A/IOBluetooth
0x0000000005db0000 	/System/Library/PrivateFrameworks/CoreWiFi.framework/Versions/A/CoreWiFi
0x0000000005db0000 	/System/Library/Frameworks/CoreBluetooth.framework/Versions/A/CoreBluetooth
0x0000000005db0000 	/System/Library/PrivateFrameworks/DebugSymbols.framework/Versions/A/DebugSymbols
0x0000000005db0000 	/System/Library/PrivateFrameworks/CoreSymbolication.framework/Versions/A/CoreSymbolication
0x0000000005db0000 	/System/Library/PrivateFrameworks/Symbolication.framework/Versions/A/Symbolication
0x0000000005db0000 	/System/Library/PrivateFrameworks/SpeechRecognitionCore.framework/Versions/A/SpeechRecognitionCore
0x0000000110a00000 	/Library/Java/JavaVirtualMachines/jdk1.8.0_31.jdk/Contents/Home/jre/lib/server/libjvm.dylib
0x0000000005db0000 	/usr/lib/libstdc++.6.dylib
0x0000000110176000 	/Library/Java/JavaVirtualMachines/jdk1.8.0_31.jdk/Contents/Home/jre/lib/libverify.dylib
0x0000000110184000 	/Library/Java/JavaVirtualMachines/jdk1.8.0_31.jdk/Contents/Home/jre/lib/libjava.dylib
0x000000011191f000 	/Library/Java/JavaVirtualMachines/jdk1.8.0_31.jdk/Contents/Home/jre/lib/libjdwp.dylib
0x00000001101b9000 	/Library/Java/JavaVirtualMachines/jdk1.8.0_31.jdk/Contents/Home/jre/lib/libnpt.dylib
0x00000001101c6000 	/Library/Java/JavaVirtualMachines/jdk1.8.0_31.jdk/Contents/Home/jre/lib/libzip.dylib
0x00000001279b7000 	/System/Library/Frameworks/JavaVM.framework/Frameworks/JavaRuntimeSupport.framework/JavaRuntimeSupport
0x00000001279d2000 	/System/Library/Frameworks/JavaVM.framework/Versions/A/Frameworks/JavaNativeFoundation.framework/Versions/A/JavaNativeFoundation
0x00000001279e7000 	/System/Library/Frameworks/JavaVM.framework/Versions/A/JavaVM
0x0000000005db0000 	/System/Library/Frameworks/Carbon.framework/Versions/A/Carbon
0x00000001279f4000 	/System/Library/PrivateFrameworks/JavaLaunching.framework/Versions/A/JavaLaunching
0x0000000005db0000 	/System/Library/Frameworks/Carbon.framework/Versions/A/Frameworks/CommonPanels.framework/Versions/A/CommonPanels
0x0000000005db0000 	/System/Library/Frameworks/Carbon.framework/Versions/A/Frameworks/Help.framework/Versions/A/Help
0x0000000005db0000 	/System/Library/Frameworks/Carbon.framework/Versions/A/Frameworks/ImageCapture.framework/Versions/A/ImageCapture
0x0000000005db0000 	/System/Library/Frameworks/Carbon.framework/Versions/A/Frameworks/OpenScripting.framework/Versions/A/OpenScripting
0x0000000005db0000 	/System/Library/Frameworks/Carbon.framework/Versions/A/Frameworks/Print.framework/Versions/A/Print
0x0000000005db0000 	/System/Library/Frameworks/Carbon.framework/Versions/A/Frameworks/SecurityHI.framework/Versions/A/SecurityHI
0x00000001293dd000 	/Library/Java/JavaVirtualMachines/jdk1.8.0_31.jdk/Contents/Home/jre/lib/libdt_socket.dylib
0x0000000129d47000 	/Library/Java/JavaVirtualMachines/jdk1.8.0_31.jdk/Contents/Home/jre/lib/libnet.dylib
0x0000000129da6000 	/Library/Java/JavaVirtualMachines/jdk1.8.0_31.jdk/Contents/Home/jre/lib/libnio.dylib
0x0000000129df4000 	/private/var/folders/0z/90cb2x0j7pn1b6pdvv07ydz40000gn/T/jna-63031697/jna3772302224920374571.tmp
0x0000000129e0a000 	/usr/lib/libpcap.dylib

VM Arguments:
jvm_args: -agentlib:jdwp=transport=dt_socket,address=127.0.0.1:51363,suspend=y,server=n -Dfile.encoding=UTF-8 
java_command: FileReader
java_class_path (initial): /Library/Java/JavaVirtualMachines/jdk1.8.0_31.jdk/Contents/Home/lib/ant-javafx.jar:/Library/Java/JavaVirtualMachines/jdk1.8.0_31.jdk/Contents/Home/lib/dt.jar:/Library/Java/JavaVirtualMachines/jdk1.8.0_31.jdk/Contents/Home/lib/javafx-mx.jar:/Library/Java/JavaVirtualMachines/jdk1.8.0_31.jdk/Contents/Home/lib/jconsole.jar:/Library/Java/JavaVirtualMachines/jdk1.8.0_31.jdk/Contents/Home/lib/sa-jdi.jar:/Library/Java/JavaVirtualMachines/jdk1.8.0_31.jdk/Contents/Home/lib/tools.jar:/Library/Java/JavaVirtualMachines/jdk1.8.0_31.jdk/Contents/Home/jre/lib/charsets.jar:/Library/Java/JavaVirtualMachines/jdk1.8.0_31.jdk/Contents/Home/jre/lib/deploy.jar:/Library/Java/JavaVirtualMachines/jdk1.8.0_31.jdk/Contents/Home/jre/lib/javaws.jar:/Library/Java/JavaVirtualMachines/jdk1.8.0_31.jdk/Contents/Home/jre/lib/jce.jar:/Library/Java/JavaVirtualMachines/jdk1.8.0_31.jdk/Contents/Home/jre/lib/jfr.jar:/Library/Java/JavaVirtualMachines/jdk1.8.0_31.jdk/Contents/Home/jre/lib/jfxswt.jar:/Library/Java/JavaVirtualMachines/jdk1.8.0_31.jdk/Contents/Home/jre/lib/jsse.jar:/Library/Java/JavaVirtualMachines/jdk1.8.0_31.jdk/Contents/Home/jre/lib/management-agent.jar:/Library/Java/JavaVirtualMachines/jdk1.8.0_31.jdk/Contents/Home/jre/lib/plugin.jar:/Library/Java/JavaVirtualMachines/jdk1.8.0_31.jdk/Contents/Home/jre/lib/resources.jar:/Library/Java/JavaVirtualMachines/jdk1.8.0_31.jdk/Contents/Home/jre/lib/rt.jar:/Library/Java/JavaVirtualMachines/jdk1.8.0_31.jdk/Contents/Home/jre/lib/ext/cldrdata.jar:/Library/Java/JavaVirtualMachines/jdk1.8.0_31.jdk/Contents/Home/jre/lib/ext/dnsns.jar:/Library/Java/JavaVirtualMachines/jdk1.8.0_31.jdk/Contents/Home/jre/lib/ext/jfxrt.jar:/Library/Java/JavaVirtualMachines/jdk1.8.0_31.jdk/Contents/Home/jre/lib/ext/localedata.jar:/Library/Java/JavaVirtualMachines/jdk1.8.0_31.jdk/Contents/Home/jre/lib/ext/nashorn.jar:/Library/Java/JavaVirtualMachines/jdk1.8.0_31.jdk/Contents/Home/jre/lib/ext/sunec.jar:/Library/Java/JavaVirtualMachines/jdk1.8.0_31.jdk/C
Launcher Type: SUN_STANDARD

Environment Variables:
PATH=/opt/local/bin:/opt/local/sbin:/Library/Frameworks/Python.framework/Versions/3.5/bin:/Library/Frameworks/Python.framework/Versions/3.5/bin:/Library/Frameworks/Python.framework/Versions/3.5/bin:/usr/local/bin:/usr/bin:/bin:/usr/sbin:/sbin:/Library/TeX/texbin:/usr/local/mysql/bin:/usr/local/smlnj-110.78/bin
SHELL=/bin/bash

Signal Handlers:
SIGSEGV: [libjvm.dylib+0x57a0e7], sa_mask[0]=11111111011111110111111111111111, sa_flags=SA_ONSTACK|SA_RESTART|SA_SIGINFO
SIGBUS: [libjvm.dylib+0x57a0e7], sa_mask[0]=11111111011111110111111111111111, sa_flags=SA_RESTART|SA_SIGINFO
SIGFPE: [libjvm.dylib+0x45af24], sa_mask[0]=11111111011111110111111111111111, sa_flags=SA_RESTART|SA_SIGINFO
SIGPIPE: [libjvm.dylib+0x45af24], sa_mask[0]=11111111011111110111111111111111, sa_flags=SA_RESTART|SA_SIGINFO
SIGXFSZ: [libjvm.dylib+0x45af24], sa_mask[0]=11111111011111110111111111111111, sa_flags=SA_RESTART|SA_SIGINFO
SIGILL: [libjvm.dylib+0x45af24], sa_mask[0]=11111111011111110111111111111111, sa_flags=SA_RESTART|SA_SIGINFO
SIGUSR1: SIG_DFL, sa_mask[0]=00000000000000000000000000000000, sa_flags=none
SIGUSR2: [libjvm.dylib+0x45aa42], sa_mask[0]=00100000000000000000000000000000, sa_flags=SA_RESTART|SA_SIGINFO
SIGHUP: [libjvm.dylib+0x459015], sa_mask[0]=11111111011111110111111111111111, sa_flags=SA_RESTART|SA_SIGINFO
SIGINT: [libjvm.dylib+0x459015], sa_mask[0]=11111111011111110111111111111111, sa_flags=SA_RESTART|SA_SIGINFO
SIGTERM: [libjvm.dylib+0x459015], sa_mask[0]=11111111011111110111111111111111, sa_flags=SA_RESTART|SA_SIGINFO
SIGQUIT: [libjvm.dylib+0x459015], sa_mask[0]=11111111011111110111111111111111, sa_flags=SA_RESTART|SA_SIGINFO


---------------  S Y S T E M  ---------------

OS:Bsduname:Darwin 14.5.0 Darwin Kernel Version 14.5.0: Wed Jul 29 02:26:53 PDT 2015; root:xnu-2782.40.9~1/RELEASE_X86_64 x86_64
rlimit: STACK 8192k, CORE 0k, NPROC 709, NOFILE 10240, AS infinity
load average:0.77 0.98 0.84

CPU:total 4 (2 cores per cpu, 2 threads per core) family 6 model 69 stepping 1, cmov, cx8, fxsr, mmx, sse, sse2, sse3, ssse3, sse4.1, sse4.2, popcnt, avx, avx2, aes, clmul, erms, lzcnt, ht, tsc, tscinvbit, bmi1, bmi2

Memory: 4k page, physical 8388608k(101040k free)

/proc/meminfo:


vm_info: Java HotSpot(TM) 64-Bit Server VM (25.31-b07) for bsd-amd64 JRE (1.8.0_31-b13), built on Dec 17 2014 20:45:36 by "java_re" with gcc 4.2.1 (Based on Apple Inc. build 5658) (LLVM build 2336.11.00)

time: Sun May  1 09:50:15 2016
elapsed time: 1462 seconds (0d 0h 24m 22s)

